<?xml version="1.0" encoding="UTF-8"?>
<!-- Generated by org.testng.reporters.JUnitXMLReporter -->
<testsuite hostname="ICE-PC" name="Free CRM App Test Cases" tests="11" failures="0" timestamp="5 Aug 2019 11:45:24 GMT" time="110.589" errors="0">
  <testcase name="ImageTest" time="0.096" classname="offlineWebsitePOM.LoginPageTest"/>
  <testcase name="loginPageTitleTest" time="0.024" classname="offlineWebsitePOM.LoginPageTest"/>
  <testcase name="loginPageUrlTest" time="0.028" classname="offlineWebsitePOM.LoginPageTest"/>
  <testcase name="loginTest" time="1.938" classname="offlineWebsitePOM.LoginPageTest"/>
  <testcase name="verifyHomePageTitleTest" time="0.023" classname="offlineWebsitePOM.HomePageTest"/>
  <testcase name="verifyUserLabelTest" time="0.068" classname="offlineWebsitePOM.HomePageTest"/>
  <testcase name="verifyUsersLinkTest" time="0.582" classname="offlineWebsitePOM.HomePageTest"/>
  <testcase name="addingNewUser" time="2.346" classname="offlineWebsitePOM.UsersPageTest"/>
  <testcase name="addingNewUser" time="2.388" classname="offlineWebsitePOM.UsersPageTest"/>
  <testcase name="addingNewUser" time="2.202" classname="offlineWebsitePOM.UsersPageTest"/>
  <testcase name="verifyUsersLabel" time="0.073" classname="offlineWebsitePOM.UsersPageTest"/>
</testsuite> <!-- Free CRM App Test Cases -->
