<?xml version="1.0" encoding="UTF-8"?>
<!-- Generated by org.testng.reporters.JUnitXMLReporter -->
<testsuite hostname="ICE-PC" name="Default test" tests="4" failures="0" timestamp="28 Jul 2019 13:00:28 GMT" time="54.075" errors="0">
  <testcase name="addingNewUser" time="1.746" classname="offlineWebsitePOM.UsersPageTest"/>
  <testcase name="addingNewUser" time="1.911" classname="offlineWebsitePOM.UsersPageTest"/>
  <testcase name="addingNewUser" time="1.821" classname="offlineWebsitePOM.UsersPageTest"/>
  <testcase name="verifyUsersLabel" time="0.064" classname="offlineWebsitePOM.UsersPageTest"/>
</testsuite> <!-- Default test -->
