<?xml version="1.0" encoding="UTF-8"?>
<!-- Generated by org.testng.reporters.JUnitXMLReporter -->
<testsuite hostname="ICE-PC" name="Command line test" tests="4" failures="0" timestamp="5 Oct 2019 10:26:52 GMT" time="35.081" errors="0">
  <testcase name="ImageTest" time="0.142" classname="offlineWebsitePOM.LoginPageTest"/>
  <testcase name="loginPageTitleTest" time="0.026" classname="offlineWebsitePOM.LoginPageTest"/>
  <testcase name="loginPageUrlTest" time="0.035" classname="offlineWebsitePOM.LoginPageTest"/>
  <testcase name="loginTest" time="3.76" classname="offlineWebsitePOM.LoginPageTest"/>
</testsuite> <!-- Command line test -->
