<?xml version="1.0" encoding="UTF-8"?>
<testng-results skipped="0" failed="0" total="4" passed="4">
  <reporter-output>
  </reporter-output>
  <suite name="Command line suite" duration-ms="35081" started-at="2019-10-05T10:26:17Z" finished-at="2019-10-05T10:26:52Z">
    <groups>
    </groups>
    <test name="Command line test" duration-ms="35081" started-at="2019-10-05T10:26:17Z" finished-at="2019-10-05T10:26:52Z">
      <class name="offlineWebsitePOM.LoginPageTest">
        <test-method status="PASS" signature="setUp()[pri:0, instance:offlineWebsitePOM.LoginPageTest@136432db]" name="setUp" is-config="true" duration-ms="13029" started-at="2019-10-05T15:56:17Z" finished-at="2019-10-05T15:56:30Z">
          <reporter-output>
          </reporter-output>
        </test-method> <!-- setUp -->
        <test-method status="PASS" signature="ImageTest()[pri:0, instance:offlineWebsitePOM.LoginPageTest@136432db]" name="ImageTest" duration-ms="142" started-at="2019-10-05T15:56:30Z" finished-at="2019-10-05T15:56:30Z">
          <reporter-output>
          </reporter-output>
        </test-method> <!-- ImageTest -->
        <test-method status="PASS" signature="setUp()[pri:0, instance:offlineWebsitePOM.LoginPageTest@136432db]" name="setUp" is-config="true" duration-ms="5440" started-at="2019-10-05T15:56:30Z" finished-at="2019-10-05T15:56:35Z">
          <reporter-output>
          </reporter-output>
        </test-method> <!-- setUp -->
        <test-method status="PASS" signature="loginPageTitleTest()[pri:0, instance:offlineWebsitePOM.LoginPageTest@136432db]" name="loginPageTitleTest" duration-ms="26" started-at="2019-10-05T15:56:35Z" finished-at="2019-10-05T15:56:35Z">
          <reporter-output>
          </reporter-output>
        </test-method> <!-- loginPageTitleTest -->
        <test-method status="PASS" signature="setUp()[pri:0, instance:offlineWebsitePOM.LoginPageTest@136432db]" name="setUp" is-config="true" duration-ms="6602" started-at="2019-10-05T15:56:35Z" finished-at="2019-10-05T15:56:42Z">
          <reporter-output>
          </reporter-output>
        </test-method> <!-- setUp -->
        <test-method status="PASS" signature="loginPageUrlTest()[pri:0, instance:offlineWebsitePOM.LoginPageTest@136432db]" name="loginPageUrlTest" duration-ms="35" started-at="2019-10-05T15:56:42Z" finished-at="2019-10-05T15:56:42Z">
          <reporter-output>
          </reporter-output>
        </test-method> <!-- loginPageUrlTest -->
        <test-method status="PASS" signature="setUp()[pri:0, instance:offlineWebsitePOM.LoginPageTest@136432db]" name="setUp" is-config="true" duration-ms="6011" started-at="2019-10-05T15:56:42Z" finished-at="2019-10-05T15:56:48Z">
          <reporter-output>
          </reporter-output>
        </test-method> <!-- setUp -->
        <test-method status="PASS" signature="loginTest()[pri:0, instance:offlineWebsitePOM.LoginPageTest@136432db]" name="loginTest" duration-ms="3760" started-at="2019-10-05T15:56:48Z" finished-at="2019-10-05T15:56:52Z">
          <reporter-output>
          </reporter-output>
        </test-method> <!-- loginTest -->
      </class> <!-- offlineWebsitePOM.LoginPageTest -->
    </test> <!-- Command line test -->
  </suite> <!-- Command line suite -->
</testng-results>
